  constantVariables.cpp
  main.cpp
C:\GameDev\Programacao\NoEngineProjects\C++Learning\SDLTetris\constantVariables.h(25,14): error C2143: erro de sintaxe: ';' ausente antes de '*'
  (compilando o arquivo fonte 'main.cpp')
  
C:\GameDev\Programacao\NoEngineProjects\C++Learning\SDLTetris\constantVariables.h(25,14): error C4430: faltando especificador de tipo - int assumido. Observação: C++ não suporta default-int
  (compilando o arquivo fonte 'main.cpp')
  
C:\GameDev\Programacao\NoEngineProjects\C++Learning\SDLTetris\constantVariables.h(25,32): error C4430: faltando especificador de tipo - int assumido. Observação: C++ não suporta default-int
  (compilando o arquivo fonte 'main.cpp')
  
C:\GameDev\Programacao\NoEngineProjects\C++Learning\SDLTetris\main.cpp(112,10): error C2065: 'pBlock': identificador não declarado
C:\GameDev\Programacao\NoEngineProjects\C++Learning\SDLTetris\main.cpp(121,7): error C2065: 'pBlock': identificador não declarado
C:\GameDev\Programacao\NoEngineProjects\C++Learning\SDLTetris\main.cpp(122,4): error C2065: 'pBlock': identificador não declarado
C:\GameDev\Programacao\NoEngineProjects\C++Learning\SDLTetris\main.cpp(122,17): error C2061: erro de sintaxe: identificador 'LBlock'
C:\GameDev\Programacao\NoEngineProjects\C++Learning\SDLTetris\main.cpp(136,12): error C2065: 'pBlock': identificador não declarado
C:\GameDev\Programacao\NoEngineProjects\C++Learning\SDLTetris\main.cpp(136,5): error C2541: 'delete': não é possível excluir objetos que não são ponteiros
C:\GameDev\Programacao\NoEngineProjects\C++Learning\SDLTetris\main.cpp(137,5): error C2065: 'pBlock': identificador não declarado
C:\GameDev\Programacao\NoEngineProjects\C++Learning\SDLTetris\main.cpp(143,4): error C2065: 'pBlock': identificador não declarado
C:\GameDev\Programacao\NoEngineProjects\C++Learning\SDLTetris\main.cpp(148,4): error C2065: 'pBlock': identificador não declarado
C:\GameDev\Programacao\NoEngineProjects\C++Learning\SDLTetris\main.cpp(167,3): error C2065: 'pBlock': identificador não declarado
C:\GameDev\Programacao\NoEngineProjects\C++Learning\SDLTetris\main.cpp(176,8): error C2065: 'pBlock': identificador não declarado
C:\GameDev\Programacao\NoEngineProjects\C++Learning\SDLTetris\main.cpp(177,17): error C2065: 'pBlock': identificador não declarado
C:\GameDev\Programacao\NoEngineProjects\C++Learning\SDLTetris\main.cpp(177,36): error C2065: 'pBlock': identificador não declarado
C:\GameDev\Programacao\NoEngineProjects\C++Learning\SDLTetris\main.cpp(177,59): error C2065: 'pBlock': identificador não declarado
C:\GameDev\Programacao\NoEngineProjects\C++Learning\SDLTetris\main.cpp(178,4): error C2065: 'pBlock': identificador não declarado
  textureClasses.cpp
C:\GameDev\Programacao\NoEngineProjects\C++Learning\SDLTetris\constantVariables.h(25,14): error C2143: erro de sintaxe: ';' ausente antes de '*'
  (compilando o arquivo fonte 'textureClasses.cpp')
  
C:\GameDev\Programacao\NoEngineProjects\C++Learning\SDLTetris\constantVariables.h(25,14): error C4430: faltando especificador de tipo - int assumido. Observação: C++ não suporta default-int
  (compilando o arquivo fonte 'textureClasses.cpp')
  
C:\GameDev\Programacao\NoEngineProjects\C++Learning\SDLTetris\constantVariables.h(25,32): error C4430: faltando especificador de tipo - int assumido. Observação: C++ não suporta default-int
  (compilando o arquivo fonte 'textureClasses.cpp')
  
  Gerando Código...
